<?xml version="1.0" encoding="UTF-8"?>
<testsuite name="com.app.fusionarpdfs.presentation.reorder.ReorderViewModelTest" tests="6" skipped="0" failures="0" errors="0" timestamp="2026-06-02T18:04:19" hostname="ELIDE" time="0.348">
  <properties/>
  <testcase name="onMove_updatesOrderThroughUseCase" classname="com.app.fusionarpdfs.presentation.reorder.ReorderViewModelTest" time="0.212"/>
  <testcase name="onMove_ignoresInvalidIndices" classname="com.app.fusionarpdfs.presentation.reorder.ReorderViewModelTest" time="0.025"/>
  <testcase name="onPreviewClick_navigatesWhenSelectionIsValid" classname="com.app.fusionarpdfs.presentation.reorder.ReorderViewModelTest" time="0.022"/>
  <testcase name="uiState_reflectsSelectedPdfsFromSession" classname="com.app.fusionarpdfs.presentation.reorder.ReorderViewModelTest" time="0.025"/>
  <testcase name="onPreviewClick_showsMessageWhenSelectionIsInvalid" classname="com.app.fusionarpdfs.presentation.reorder.ReorderViewModelTest" time="0.026"/>
  <testcase name="onRemovePdf_delegatesToUseCase" classname="com.app.fusionarpdfs.presentation.reorder.ReorderViewModelTest" time="0.037"/>
  <system-out><![CDATA[]]></system-out>
  <system-err><![CDATA[]]></system-err>
</testsuite>
