<?xml version="1.0" encoding="UTF-8"?>
<testsuite name="com.app.fusionarpdfs.domain.usecase.MergePdfUseCaseTest" tests="5" skipped="0" failures="0" errors="0" timestamp="2026-06-02T18:04:13" hostname="ELIDE" time="5.087">
  <properties/>
  <testcase name="invoke_returnsFailureWhenOutputFileNameIsBlank" classname="com.app.fusionarpdfs.domain.usecase.MergePdfUseCaseTest" time="4.354"/>
  <testcase name="invoke_forwardsProgressCallback" classname="com.app.fusionarpdfs.domain.usecase.MergePdfUseCaseTest" time="0.57"/>
  <testcase name="invoke_sortsFilesByOrderBeforeMerging" classname="com.app.fusionarpdfs.domain.usecase.MergePdfUseCaseTest" time="0.096"/>
  <testcase name="invoke_returnsRepositoryFailure" classname="com.app.fusionarpdfs.domain.usecase.MergePdfUseCaseTest" time="0.036"/>
  <testcase name="invoke_returnsFailureWhenFilesAreEmpty" classname="com.app.fusionarpdfs.domain.usecase.MergePdfUseCaseTest" time="0.03"/>
  <system-out><![CDATA[WARNING: No manifest file found at .\AndroidManifest.xml.
Falling back to the Android OS resources only.
To remove this warning, annotate your test class with @Config(manifest=Config.NONE).
If you're using Android Gradle Plugin, add testOptions.unitTests.includeAndroidResources = true to your build.gradle
]]></system-out>
  <system-err><![CDATA[]]></system-err>
</testsuite>
